<?xml version="1.0" encoding="UTF-8"?>
<testsuite xmlns:xsi="http://www.w3.org/2001/XMLSchema-instance" xsi:noNamespaceSchemaLocation="https://maven.apache.org/surefire/maven-surefire-plugin/xsd/surefire-test-report-3.0.xsd" version="3.0" name="com.example.BIBESTA.BibestaApplicationTests" time="16.574" tests="1" errors="0" skipped="0" failures="0">
  <properties>
[...]
</properties>
  <testcase name="contextLoads" classname="com.example.BIBESTA.BibestaApplicationTests" time="0.033">
    <system-out><![CDATA[09:30:06.428 [main] INFO org.springframework.test.context.support.AnnotationConfigContextLoaderUtils -- Could not detect default configuration classes for test class [com.example.BIBESTA.BibestaApplicationTests]: BibestaApplicationTests does not declare any static, non-private, non-final, nested classes annotated with @Configuration.
09:30:06.736 [main] INFO org.springframework.boot.test.context.SpringBootTestContextBootstrapper -- Found @SpringBootConfiguration com.example.BIBESTA.BibestaApplication for test class com.example.BIBESTA.BibestaApplicationTests
09:30:07.150 [main] INFO org.springframework.boot.devtools.restart.RestartApplicationListener -- Restart disabled due to context in which it is running

  .   ____          _            __ _ _
 /\\ / ___'_ __ _ _(_)_ __  __ _ \ \ \ \
( ( )\___ | '_ | '_| | '_ \/ _` | \ \ \ \
 \\/  ___)| |_)| | | | | || (_| |  ) ) ) )
  '  |____| .__|_| |_|_| |_\__, | / / / /
 =========|_|==============|___/=/_/_/_/

 :: Spring Boot ::                (v3.3.5)

2026-08-21T09:30:07.859Z  INFO 1073 --- [bibliotheque-test] [           main] c.e.BIBESTA.BibestaApplicationTests      : Starting BibestaApplicationTests using Java 17.0.16 with PID 1073 (started by root in /workspace/Backend)
2026-08-21T09:30:07.916Z  INFO 1073 --- [bibliotheque-test] [           main] c.e.BIBESTA.BibestaApplicationTests      : The following 1 profile is active: "test"
2026-08-21T09:30:10.139Z  INFO 1073 --- [bibliotheque-test] [           main] .s.d.r.c.RepositoryConfigurationDelegate : Bootstrapping Spring Data JPA repositories in DEFAULT mode.
2026-08-21T09:30:10.425Z  INFO 1073 --- [bibliotheque-test] [           main] .s.d.r.c.RepositoryConfigurationDelegate : Finished Spring Data repository scanning in 278 ms. Found 10 JPA repository interfaces.
2026-08-21T09:30:11.917Z  INFO 1073 --- [bibliotheque-test] [           main] o.hibernate.jpa.internal.util.LogHelper  : HHH000204: Processing PersistenceUnitInfo [name: default]
2026-08-21T09:30:12.026Z  INFO 1073 --- [bibliotheque-test] [           main] org.hibernate.Version                    : HHH000412: Hibernate ORM core version 6.5.3.Final
2026-08-21T09:30:12.112Z  INFO 1073 --- [bibliotheque-test] [           main] o.h.c.internal.RegionFactoryInitiator    : HHH000026: Second-level cache disabled
2026-08-21T09:30:12.449Z  INFO 1073 --- [bibliotheque-test] [           main] o.s.o.j.p.SpringPersistenceUnitInfo      : No LoadTimeWeaver setup: ignoring JPA class transformer
2026-08-21T09:30:12.540Z  INFO 1073 --- [bibliotheque-test] [           main] com.zaxxer.hikari.HikariDataSource       : HikariPool-1 - Starting...
2026-08-21T09:30:12.952Z  INFO 1073 --- [bibliotheque-test] [           main] com.zaxxer.hikari.pool.HikariPool        : HikariPool-1 - Added connection conn0: url=jdbc:h2:mem:testdb user=SA
2026-08-21T09:30:12.953Z  INFO 1073 --- [bibliotheque-test] [           main] com.zaxxer.hikari.HikariDataSource       : HikariPool-1 - Start completed.
2026-08-21T09:30:13.028Z  WARN 1073 --- [bibliotheque-test] [           main] org.hibernate.orm.deprecation            : HHH90000025: H2Dialect does not need to be specified explicitly using 'hibernate.dialect' (remove the property setting and it will be selected by default)
2026-08-21T09:30:15.351Z  INFO 1073 --- [bibliotheque-test] [           main] o.h.e.t.j.p.i.JtaPlatformInitiator       : HHH000489: No JTA platform available (set 'hibernate.transaction.jta.platform' to enable JTA platform integration)
2026-08-21T09:30:15.635Z  INFO 1073 --- [bibliotheque-test] [           main] j.LocalContainerEntityManagerFactoryBean : Initialized JPA EntityManagerFactory for persistence unit 'default'
2026-08-21T09:30:17.139Z  INFO 1073 --- [bibliotheque-test] [           main] o.s.d.j.r.query.QueryEnhancerFactory     : Hibernate is in classpath; If applicable, HQL parser will be used.
2026-08-21T09:30:20.215Z  WARN 1073 --- [bibliotheque-test] [           main] JpaBaseConfiguration$JpaWebConfiguration : spring.jpa.open-in-view is enabled by default. Therefore, database queries may be performed during view rendering. Explicitly configure spring.jpa.open-in-view to disable this warning
2026-08-21T09:30:20.320Z  WARN 1073 --- [bibliotheque-test] [           main] .s.s.UserDetailsServiceAutoConfiguration : 

Using generated security password: 13bec737-1a86-4877-a08d-30ffeb783741

This generated password is for development use only. Your security configuration must be updated before running your application in production.

2026-08-21T09:30:20.332Z  INFO 1073 --- [bibliotheque-test] [           main] r$InitializeUserDetailsManagerConfigurer : Global AuthenticationManager configured with UserDetailsService bean with name inMemoryUserDetailsManager
2026-08-21T09:30:22.446Z  INFO 1073 --- [bibliotheque-test] [           main] c.e.BIBESTA.BibestaApplicationTests      : Started BibestaApplicationTests in 15.308 seconds (process running for 22.086)
]]></system-out>
  </testcase>
</testsuite>